{"/Users/yusuf/scheduler/src/index.js": {"path":"/Users/yusuf/scheduler/src/index.js","statementMap":{"0":{"start":{"line":8,"column":0},"end":{"line":8,"column":66}}},"fnMap":{},"branchMap":{},"s":{"0":0},"f":{},"b":{},"hash":"5f1b3c1cdeccec7c49f50a12a2b672cb47db5dc4"}
,"/Users/yusuf/scheduler/src/components/Application.js": {"path":"/Users/yusuf/scheduler/src/components/Application.js","statementMap":{"0":{"start":{"line":17,"column":4},"end":{"line":17,"column":24}},"1":{"start":{"line":18,"column":28},"end":{"line":18,"column":67}},"2":{"start":{"line":19,"column":23},"end":{"line":19,"column":62}},"3":{"start":{"line":20,"column":19},"end":{"line":34,"column":4}},"4":{"start":{"line":21,"column":22},"end":{"line":21,"column":64}},"5":{"start":{"line":23,"column":4},"end":{"line":33,"column":6}},"6":{"start":{"line":36,"column":2},"end":{"line":59,"column":4}}},"fnMap":{"0":{"name":"Application","decl":{"start":{"line":15,"column":24},"end":{"line":15,"column":35}},"loc":{"start":{"line":15,"column":43},"end":{"line":60,"column":1}},"line":15},"1":{"name":"(anonymous_1)","decl":{"start":{"line":20,"column":41},"end":{"line":20,"column":42}},"loc":{"start":{"line":20,"column":58},"end":{"line":34,"column":3}},"line":20}},"branchMap":{},"s":{"0":1,"1":1,"2":1,"3":1,"4":0,"5":0,"6":1},"f":{"0":1,"1":0},"b":{},"_coverageSchema":"43e27e138ebf9cfc5966b082cf9a028302ed4184","hash":"4832203c5a23b0c54986a5625d71d14ff1faa6eb"}
,"/Users/yusuf/scheduler/src/components/Button.js": {"path":"/Users/yusuf/scheduler/src/components/Button.js","statementMap":{"0":{"start":{"line":6,"column":23},"end":{"line":10,"column":5}},"1":{"start":{"line":12,"column":3},"end":{"line":20,"column":4}}},"fnMap":{"0":{"name":"Button","decl":{"start":{"line":5,"column":24},"end":{"line":5,"column":30}},"loc":{"start":{"line":5,"column":38},"end":{"line":21,"column":2}},"line":5}},"branchMap":{},"s":{"0":29,"1":29},"f":{"0":29},"b":{},"_coverageSchema":"43e27e138ebf9cfc5966b082cf9a028302ed4184","hash":"40b0a5e4ceaec603ec2609c6ead5941eff07a836"}
,"/Users/yusuf/scheduler/src/components/DayList.js": {"path":"/Users/yusuf/scheduler/src/components/DayList.js","statementMap":{"0":{"start":{"line":6,"column":25},"end":{"line":14,"column":4}},"1":{"start":{"line":7,"column":4},"end":{"line":13,"column":6}},"2":{"start":{"line":15,"column":2},"end":{"line":15,"column":36}}},"fnMap":{"0":{"name":"DayList","decl":{"start":{"line":5,"column":24},"end":{"line":5,"column":31}},"loc":{"start":{"line":5,"column":39},"end":{"line":16,"column":1}},"line":5},"1":{"name":"(anonymous_1)","decl":{"start":{"line":6,"column":40},"end":{"line":6,"column":41}},"loc":{"start":{"line":7,"column":4},"end":{"line":13,"column":6}},"line":7}},"branchMap":{},"s":{"0":1,"1":0,"2":1},"f":{"0":1,"1":0},"b":{},"_coverageSchema":"43e27e138ebf9cfc5966b082cf9a028302ed4184","hash":"57ceff8ac9987a370f2acb7bddb78a509801be83"}
,"/Users/yusuf/scheduler/src/components/DayListItem.js": {"path":"/Users/yusuf/scheduler/src/components/DayListItem.js","statementMap":{"0":{"start":{"line":6,"column":19},"end":{"line":10,"column":4}},"1":{"start":{"line":11,"column":22},"end":{"line":21,"column":3}},"2":{"start":{"line":12,"column":23},"end":{"line":12,"column":25}},"3":{"start":{"line":13,"column":4},"end":{"line":19,"column":5}},"4":{"start":{"line":14,"column":6},"end":{"line":14,"column":42}},"5":{"start":{"line":15,"column":11},"end":{"line":19,"column":5}},"6":{"start":{"line":16,"column":6},"end":{"line":16,"column":40}},"7":{"start":{"line":18,"column":6},"end":{"line":18,"column":54}},"8":{"start":{"line":20,"column":4},"end":{"line":20,"column":24}},"9":{"start":{"line":22,"column":2},"end":{"line":27,"column":4}},"10":{"start":{"line":23,"column":48},"end":{"line":23,"column":72}}},"fnMap":{"0":{"name":"DayListItem","decl":{"start":{"line":5,"column":24},"end":{"line":5,"column":35}},"loc":{"start":{"line":5,"column":43},"end":{"line":28,"column":1}},"line":5},"1":{"name":"(anonymous_1)","decl":{"start":{"line":11,"column":22},"end":{"line":11,"column":23}},"loc":{"start":{"line":11,"column":28},"end":{"line":21,"column":3}},"line":11},"2":{"name":"(anonymous_2)","decl":{"start":{"line":23,"column":42},"end":{"line":23,"column":43}},"loc":{"start":{"line":23,"column":48},"end":{"line":23,"column":72}},"line":23}},"branchMap":{"0":{"loc":{"start":{"line":13,"column":4},"end":{"line":19,"column":5}},"type":"if","locations":[{"start":{"line":13,"column":4},"end":{"line":19,"column":5}},{"start":{"line":13,"column":4},"end":{"line":19,"column":5}}],"line":13},"1":{"loc":{"start":{"line":15,"column":11},"end":{"line":19,"column":5}},"type":"if","locations":[{"start":{"line":15,"column":11},"end":{"line":19,"column":5}},{"start":{"line":15,"column":11},"end":{"line":19,"column":5}}],"line":15}},"s":{"0":4,"1":4,"2":4,"3":4,"4":1,"5":3,"6":1,"7":2,"8":4,"9":4,"10":0},"f":{"0":4,"1":4,"2":0},"b":{"0":[1,3],"1":[1,2]},"_coverageSchema":"43e27e138ebf9cfc5966b082cf9a028302ed4184","hash":"002c8598cc45e6ca8c6cea9ee72cb0bb407386ce"}
,"/Users/yusuf/scheduler/src/components/InterviewerList.js": {"path":"/Users/yusuf/scheduler/src/components/InterviewerList.js","statementMap":{"0":{"start":{"line":7,"column":24},"end":{"line":28,"column":1}},"1":{"start":{"line":8,"column":23},"end":{"line":20,"column":4}},"2":{"start":{"line":9,"column":4},"end":{"line":19,"column":6}},"3":{"start":{"line":15,"column":10},"end":{"line":15,"column":41}},"4":{"start":{"line":22,"column":2},"end":{"line":27,"column":4}},"5":{"start":{"line":30,"column":0},"end":{"line":32,"column":2}}},"fnMap":{"0":{"name":"(anonymous_0)","decl":{"start":{"line":7,"column":24},"end":{"line":7,"column":25}},"loc":{"start":{"line":7,"column":35},"end":{"line":28,"column":1}},"line":7},"1":{"name":"(anonymous_1)","decl":{"start":{"line":8,"column":46},"end":{"line":8,"column":47}},"loc":{"start":{"line":8,"column":63},"end":{"line":20,"column":3}},"line":8},"2":{"name":"(anonymous_2)","decl":{"start":{"line":14,"column":24},"end":{"line":14,"column":25}},"loc":{"start":{"line":14,"column":31},"end":{"line":16,"column":9}},"line":14}},"branchMap":{},"s":{"0":3,"1":11,"2":11,"3":0,"4":11,"5":3},"f":{"0":11,"1":11,"2":0},"b":{},"_coverageSchema":"43e27e138ebf9cfc5966b082cf9a028302ed4184","hash":"446375e60d85ecc51df7db20252258c7acc70b3c"}
,"/Users/yusuf/scheduler/src/components/InterviewerListItem.js": {"path":"/Users/yusuf/scheduler/src/components/InterviewerListItem.js","statementMap":{"0":{"start":{"line":7,"column":57},"end":{"line":7,"column":62}},"1":{"start":{"line":8,"column":27},"end":{"line":10,"column":4}},"2":{"start":{"line":14,"column":2},"end":{"line":23,"column":4}}},"fnMap":{"0":{"name":"InterviewerListItem","decl":{"start":{"line":6,"column":24},"end":{"line":6,"column":43}},"loc":{"start":{"line":6,"column":51},"end":{"line":24,"column":1}},"line":6}},"branchMap":{"0":{"loc":{"start":{"line":21,"column":3},"end":{"line":21,"column":19}},"type":"binary-expr","locations":[{"start":{"line":21,"column":3},"end":{"line":21,"column":11}},{"start":{"line":21,"column":15},"end":{"line":21,"column":19}}],"line":21}},"s":{"0":11,"1":11,"2":11},"f":{"0":11},"b":{"0":[11,0]},"_coverageSchema":"43e27e138ebf9cfc5966b082cf9a028302ed4184","hash":"bb99becbc693b546539be39a45d15c5598e99f61"}
,"/Users/yusuf/scheduler/src/components/Appointment/Confirm.js": {"path":"/Users/yusuf/scheduler/src/components/Appointment/Confirm.js","statementMap":{"0":{"start":{"line":4,"column":41},"end":{"line":4,"column":46}},"1":{"start":{"line":5,"column":2},"end":{"line":13,"column":3}}},"fnMap":{"0":{"name":"Confirm","decl":{"start":{"line":3,"column":24},"end":{"line":3,"column":31}},"loc":{"start":{"line":3,"column":39},"end":{"line":14,"column":1}},"line":3}},"branchMap":{},"s":{"0":0,"1":0},"f":{"0":0},"b":{},"_coverageSchema":"43e27e138ebf9cfc5966b082cf9a028302ed4184","hash":"99340969a3c967aee2beb8db19b728c1f0efef6f"}
,"/Users/yusuf/scheduler/src/components/Appointment/Empty.js": {"path":"/Users/yusuf/scheduler/src/components/Appointment/Empty.js","statementMap":{"0":{"start":{"line":5,"column":2},"end":{"line":14,"column":4}}},"fnMap":{"0":{"name":"Empty","decl":{"start":{"line":3,"column":24},"end":{"line":3,"column":29}},"loc":{"start":{"line":3,"column":37},"end":{"line":15,"column":1}},"line":3}},"branchMap":{},"s":{"0":2},"f":{"0":2},"b":{},"_coverageSchema":"43e27e138ebf9cfc5966b082cf9a028302ed4184","hash":"0f2104be1c54848aea0973eb93740f6863f418dc"}
,"/Users/yusuf/scheduler/src/components/Appointment/Error.js": {"path":"/Users/yusuf/scheduler/src/components/Appointment/Error.js","statementMap":{"0":{"start":{"line":4,"column":2},"end":{"line":17,"column":3}}},"fnMap":{"0":{"name":"Error","decl":{"start":{"line":3,"column":24},"end":{"line":3,"column":29}},"loc":{"start":{"line":3,"column":37},"end":{"line":18,"column":1}},"line":3}},"branchMap":{},"s":{"0":0},"f":{"0":0},"b":{},"_coverageSchema":"43e27e138ebf9cfc5966b082cf9a028302ed4184","hash":"3afa76720514d0cd67ab1409b20568f241626291"}
,"/Users/yusuf/scheduler/src/components/Appointment/Form.js": {"path":"/Users/yusuf/scheduler/src/components/Appointment/Form.js","statementMap":{"0":{"start":{"line":6,"column":26},"end":{"line":6,"column":52}},"1":{"start":{"line":7,"column":40},"end":{"line":7,"column":75}},"2":{"start":{"line":8,"column":28},"end":{"line":8,"column":40}},"3":{"start":{"line":11,"column":4},"end":{"line":11,"column":16}},"4":{"start":{"line":12,"column":4},"end":{"line":12,"column":25}},"5":{"start":{"line":15,"column":4},"end":{"line":15,"column":12}},"6":{"start":{"line":16,"column":4},"end":{"line":16,"column":21}},"7":{"start":{"line":20,"column":4},"end":{"line":23,"column":5}},"8":{"start":{"line":21,"column":6},"end":{"line":21,"column":47}},"9":{"start":{"line":22,"column":6},"end":{"line":22,"column":13}},"10":{"start":{"line":25,"column":4},"end":{"line":25,"column":17}},"11":{"start":{"line":26,"column":4},"end":{"line":26,"column":36}},"12":{"start":{"line":29,"column":2},"end":{"line":61,"column":4}},"13":{"start":{"line":32,"column":54},"end":{"line":32,"column":76}},"14":{"start":{"line":39,"column":33},"end":{"line":39,"column":60}}},"fnMap":{"0":{"name":"Form","decl":{"start":{"line":5,"column":24},"end":{"line":5,"column":28}},"loc":{"start":{"line":5,"column":36},"end":{"line":62,"column":1}},"line":5},"1":{"name":"reset","decl":{"start":{"line":10,"column":11},"end":{"line":10,"column":16}},"loc":{"start":{"line":10,"column":19},"end":{"line":13,"column":3}},"line":10},"2":{"name":"cancel","decl":{"start":{"line":14,"column":11},"end":{"line":14,"column":17}},"loc":{"start":{"line":14,"column":20},"end":{"line":17,"column":3}},"line":14},"3":{"name":"validate","decl":{"start":{"line":19,"column":11},"end":{"line":19,"column":19}},"loc":{"start":{"line":19,"column":22},"end":{"line":27,"column":3}},"line":19},"4":{"name":"(anonymous_4)","decl":{"start":{"line":32,"column":43},"end":{"line":32,"column":44}},"loc":{"start":{"line":32,"column":54},"end":{"line":32,"column":76}},"line":32},"5":{"name":"(anonymous_5)","decl":{"start":{"line":39,"column":22},"end":{"line":39,"column":23}},"loc":{"start":{"line":39,"column":33},"end":{"line":39,"column":60}},"line":39}},"branchMap":{"0":{"loc":{"start":{"line":6,"column":35},"end":{"line":6,"column":51}},"type":"binary-expr","locations":[{"start":{"line":6,"column":35},"end":{"line":6,"column":45}},{"start":{"line":6,"column":49},"end":{"line":6,"column":51}}],"line":6},"1":{"loc":{"start":{"line":7,"column":49},"end":{"line":7,"column":74}},"type":"binary-expr","locations":[{"start":{"line":7,"column":49},"end":{"line":7,"column":66}},{"start":{"line":7,"column":70},"end":{"line":7,"column":74}}],"line":7},"2":{"loc":{"start":{"line":20,"column":4},"end":{"line":23,"column":5}},"type":"if","locations":[{"start":{"line":20,"column":4},"end":{"line":23,"column":5}},{"start":{"line":20,"column":4},"end":{"line":23,"column":5}}],"line":20}},"s":{"0":11,"1":11,"2":11,"3":1,"4":1,"5":1,"6":1,"7":4,"8":2,"9":2,"10":2,"11":2,"12":11,"13":0,"14":2},"f":{"0":11,"1":1,"2":1,"3":4,"4":0,"5":2},"b":{"0":[11,7],"1":[11,11],"2":[2,2]},"_coverageSchema":"43e27e138ebf9cfc5966b082cf9a028302ed4184","hash":"8c7cba98a7814d7fab78348d1ace5455df68eadb"}
,"/Users/yusuf/scheduler/src/components/Appointment/Header.js": {"path":"/Users/yusuf/scheduler/src/components/Appointment/Header.js","statementMap":{"0":{"start":{"line":3,"column":2},"end":{"line":8,"column":3}}},"fnMap":{"0":{"name":"Header","decl":{"start":{"line":2,"column":24},"end":{"line":2,"column":30}},"loc":{"start":{"line":2,"column":39},"end":{"line":9,"column":1}},"line":2}},"branchMap":{},"s":{"0":2},"f":{"0":2},"b":{},"_coverageSchema":"43e27e138ebf9cfc5966b082cf9a028302ed4184","hash":"6f6fe77d413389371c18d154e2f9fa12f7fcf35f"}
,"/Users/yusuf/scheduler/src/components/Appointment/Show.js": {"path":"/Users/yusuf/scheduler/src/components/Appointment/Show.js","statementMap":{"0":{"start":{"line":3,"column":51},"end":{"line":3,"column":56}},"1":{"start":{"line":4,"column":2},"end":{"line":4,"column":44}},"2":{"start":{"line":7,"column":2},"end":{"line":34,"column":4}},"3":{"start":{"line":22,"column":27},"end":{"line":22,"column":35}},"4":{"start":{"line":29,"column":27},"end":{"line":29,"column":37}}},"fnMap":{"0":{"name":"Show","decl":{"start":{"line":2,"column":24},"end":{"line":2,"column":28}},"loc":{"start":{"line":2,"column":36},"end":{"line":35,"column":3}},"line":2},"1":{"name":"(anonymous_1)","decl":{"start":{"line":22,"column":21},"end":{"line":22,"column":22}},"loc":{"start":{"line":22,"column":27},"end":{"line":22,"column":35}},"line":22},"2":{"name":"(anonymous_2)","decl":{"start":{"line":29,"column":21},"end":{"line":29,"column":22}},"loc":{"start":{"line":29,"column":27},"end":{"line":29,"column":37}},"line":29}},"branchMap":{},"s":{"0":0,"1":0,"2":0,"3":0,"4":0},"f":{"0":0,"1":0,"2":0},"b":{},"_coverageSchema":"43e27e138ebf9cfc5966b082cf9a028302ed4184","hash":"f88c80abd475fe1ebdbf0113055cced21d83ccbf"}
,"/Users/yusuf/scheduler/src/components/Appointment/Status.js": {"path":"/Users/yusuf/scheduler/src/components/Appointment/Status.js","statementMap":{"0":{"start":{"line":5,"column":2},"end":{"line":14,"column":3}}},"fnMap":{"0":{"name":"Status","decl":{"start":{"line":3,"column":24},"end":{"line":3,"column":30}},"loc":{"start":{"line":3,"column":38},"end":{"line":15,"column":1}},"line":3}},"branchMap":{},"s":{"0":0},"f":{"0":0},"b":{},"_coverageSchema":"43e27e138ebf9cfc5966b082cf9a028302ed4184","hash":"ebd72ddbf59d299777f432147f5e5791be1cb75d"}
,"/Users/yusuf/scheduler/src/components/Appointment/index.js": {"path":"/Users/yusuf/scheduler/src/components/Appointment/index.js","statementMap":{"0":{"start":{"line":13,"column":16},"end":{"line":13,"column":23}},"1":{"start":{"line":14,"column":15},"end":{"line":14,"column":21}},"2":{"start":{"line":15,"column":17},"end":{"line":15,"column":25}},"3":{"start":{"line":16,"column":17},"end":{"line":16,"column":25}},"4":{"start":{"line":17,"column":18},"end":{"line":17,"column":27}},"5":{"start":{"line":18,"column":19},"end":{"line":18,"column":29}},"6":{"start":{"line":19,"column":15},"end":{"line":19,"column":21}},"7":{"start":{"line":20,"column":21},"end":{"line":20,"column":33}},"8":{"start":{"line":21,"column":23},"end":{"line":21,"column":37}},"9":{"start":{"line":23,"column":37},"end":{"line":25,"column":3}},"10":{"start":{"line":27,"column":16},"end":{"line":29,"column":3}},"11":{"start":{"line":28,"column":4},"end":{"line":28,"column":23}},"12":{"start":{"line":30,"column":19},"end":{"line":32,"column":3}},"13":{"start":{"line":31,"column":4},"end":{"line":31,"column":11}},"14":{"start":{"line":34,"column":15},"end":{"line":46,"column":3}},"15":{"start":{"line":35,"column":22},"end":{"line":38,"column":5}},"16":{"start":{"line":39,"column":4},"end":{"line":39,"column":23}},"17":{"start":{"line":40,"column":4},"end":{"line":45,"column":9}},"18":{"start":{"line":41,"column":18},"end":{"line":41,"column":40}},"19":{"start":{"line":43,"column":8},"end":{"line":43,"column":37}},"20":{"start":{"line":44,"column":8},"end":{"line":44,"column":43}},"21":{"start":{"line":48,"column":28},"end":{"line":57,"column":3}},"22":{"start":{"line":49,"column":4},"end":{"line":49,"column":25}},"23":{"start":{"line":51,"column":4},"end":{"line":56,"column":9}},"24":{"start":{"line":52,"column":18},"end":{"line":52,"column":41}},"25":{"start":{"line":54,"column":8},"end":{"line":54,"column":37}},"26":{"start":{"line":55,"column":8},"end":{"line":55,"column":43}},"27":{"start":{"line":59,"column":2},"end":{"line":107,"column":4}},"28":{"start":{"line":67,"column":26},"end":{"line":67,"column":45}},"29":{"start":{"line":68,"column":24},"end":{"line":68,"column":40}}},"fnMap":{"0":{"name":"Appointment","decl":{"start":{"line":12,"column":24},"end":{"line":12,"column":35}},"loc":{"start":{"line":12,"column":43},"end":{"line":108,"column":1}},"line":12},"1":{"name":"(anonymous_1)","decl":{"start":{"line":27,"column":16},"end":{"line":27,"column":17}},"loc":{"start":{"line":27,"column":22},"end":{"line":29,"column":3}},"line":27},"2":{"name":"(anonymous_2)","decl":{"start":{"line":30,"column":19},"end":{"line":30,"column":20}},"loc":{"start":{"line":30,"column":25},"end":{"line":32,"column":3}},"line":30},"3":{"name":"(anonymous_3)","decl":{"start":{"line":34,"column":15},"end":{"line":34,"column":16}},"loc":{"start":{"line":34,"column":38},"end":{"line":46,"column":3}},"line":34},"4":{"name":"(anonymous_4)","decl":{"start":{"line":41,"column":12},"end":{"line":41,"column":13}},"loc":{"start":{"line":41,"column":18},"end":{"line":41,"column":40}},"line":41},"5":{"name":"(anonymous_5)","decl":{"start":{"line":42,"column":13},"end":{"line":42,"column":14}},"loc":{"start":{"line":42,"column":24},"end":{"line":45,"column":7}},"line":42},"6":{"name":"(anonymous_6)","decl":{"start":{"line":48,"column":28},"end":{"line":48,"column":29}},"loc":{"start":{"line":48,"column":36},"end":{"line":57,"column":3}},"line":48},"7":{"name":"(anonymous_7)","decl":{"start":{"line":52,"column":12},"end":{"line":52,"column":13}},"loc":{"start":{"line":52,"column":18},"end":{"line":52,"column":41}},"line":52},"8":{"name":"(anonymous_8)","decl":{"start":{"line":53,"column":13},"end":{"line":53,"column":14}},"loc":{"start":{"line":53,"column":24},"end":{"line":56,"column":7}},"line":53},"9":{"name":"(anonymous_9)","decl":{"start":{"line":67,"column":20},"end":{"line":67,"column":21}},"loc":{"start":{"line":67,"column":26},"end":{"line":67,"column":45}},"line":67},"10":{"name":"(anonymous_10)","decl":{"start":{"line":68,"column":18},"end":{"line":68,"column":19}},"loc":{"start":{"line":68,"column":24},"end":{"line":68,"column":40}},"line":68}},"branchMap":{"0":{"loc":{"start":{"line":24,"column":4},"end":{"line":24,"column":34}},"type":"cond-expr","locations":[{"start":{"line":24,"column":22},"end":{"line":24,"column":26}},{"start":{"line":24,"column":29},"end":{"line":24,"column":34}}],"line":24},"1":{"loc":{"start":{"line":62,"column":7},"end":{"line":62,"column":48}},"type":"binary-expr","locations":[{"start":{"line":62,"column":7},"end":{"line":62,"column":21}},{"start":{"line":62,"column":25},"end":{"line":62,"column":48}}],"line":62},"2":{"loc":{"start":{"line":63,"column":7},"end":{"line":70,"column":7}},"type":"binary-expr","locations":[{"start":{"line":63,"column":7},"end":{"line":63,"column":20}},{"start":{"line":64,"column":8},"end":{"line":69,"column":10}}],"line":63},"3":{"loc":{"start":{"line":71,"column":7},"end":{"line":77,"column":7}},"type":"binary-expr","locations":[{"start":{"line":71,"column":7},"end":{"line":71,"column":22}},{"start":{"line":72,"column":8},"end":{"line":76,"column":10}}],"line":71},"4":{"loc":{"start":{"line":79,"column":7},"end":{"line":79,"column":53}},"type":"binary-expr","locations":[{"start":{"line":79,"column":7},"end":{"line":79,"column":22}},{"start":{"line":79,"column":26},"end":{"line":79,"column":53}}],"line":79},"5":{"loc":{"start":{"line":81,"column":7},"end":{"line":87,"column":7}},"type":"binary-expr","locations":[{"start":{"line":81,"column":7},"end":{"line":81,"column":23}},{"start":{"line":82,"column":8},"end":{"line":86,"column":10}}],"line":81},"6":{"loc":{"start":{"line":89,"column":7},"end":{"line":89,"column":57}},"type":"binary-expr","locations":[{"start":{"line":89,"column":7},"end":{"line":89,"column":24}},{"start":{"line":89,"column":28},"end":{"line":89,"column":57}}],"line":89},"7":{"loc":{"start":{"line":90,"column":7},"end":{"line":98,"column":7}},"type":"binary-expr","locations":[{"start":{"line":90,"column":7},"end":{"line":90,"column":20}},{"start":{"line":91,"column":8},"end":{"line":97,"column":10}}],"line":90},"8":{"loc":{"start":{"line":99,"column":7},"end":{"line":101,"column":7}},"type":"binary-expr","locations":[{"start":{"line":99,"column":7},"end":{"line":99,"column":26}},{"start":{"line":100,"column":8},"end":{"line":100,"column":64}}],"line":99},"9":{"loc":{"start":{"line":103,"column":7},"end":{"line":105,"column":7}},"type":"binary-expr","locations":[{"start":{"line":103,"column":7},"end":{"line":103,"column":28}},{"start":{"line":104,"column":8},"end":{"line":104,"column":66}}],"line":103}},"s":{"0":2,"1":2,"2":2,"3":2,"4":2,"5":2,"6":2,"7":2,"8":2,"9":2,"10":2,"11":0,"12":2,"13":0,"14":2,"15":0,"16":0,"17":0,"18":0,"19":0,"20":0,"21":2,"22":0,"23":0,"24":0,"25":0,"26":0,"27":2,"28":0,"29":0},"f":{"0":2,"1":0,"2":0,"3":0,"4":0,"5":0,"6":0,"7":0,"8":0,"9":0,"10":0},"b":{"0":[0,2],"1":[2,2],"2":[2,0],"3":[2,0],"4":[2,0],"5":[2,0],"6":[2,0],"7":[2,0],"8":[2,0],"9":[2,0]},"_coverageSchema":"43e27e138ebf9cfc5966b082cf9a028302ed4184","hash":"41ae487156bc92904a9c99e8f8e79cca1bea95f9"}
,"/Users/yusuf/scheduler/src/helpers/selectors.js": {"path":"/Users/yusuf/scheduler/src/helpers/selectors.js","statementMap":{"0":{"start":{"line":1,"column":37},"end":{"line":11,"column":1}},"1":{"start":{"line":2,"column":31},"end":{"line":2,"column":33}},"2":{"start":{"line":3,"column":2},"end":{"line":9,"column":5}},"3":{"start":{"line":4,"column":4},"end":{"line":8,"column":5}},"4":{"start":{"line":5,"column":6},"end":{"line":7,"column":9}},"5":{"start":{"line":6,"column":8},"end":{"line":6,"column":69}},"6":{"start":{"line":10,"column":2},"end":{"line":10,"column":30}},"7":{"start":{"line":14,"column":31},"end":{"line":14,"column":33}},"8":{"start":{"line":15,"column":2},"end":{"line":21,"column":5}},"9":{"start":{"line":16,"column":4},"end":{"line":20,"column":5}},"10":{"start":{"line":17,"column":6},"end":{"line":19,"column":9}},"11":{"start":{"line":18,"column":8},"end":{"line":18,"column":69}},"12":{"start":{"line":22,"column":2},"end":{"line":22,"column":30}},"13":{"start":{"line":25,"column":28},"end":{"line":33,"column":1}},"14":{"start":{"line":26,"column":2},"end":{"line":31,"column":3}},"15":{"start":{"line":27,"column":24},"end":{"line":27,"column":45}},"16":{"start":{"line":28,"column":24},"end":{"line":28,"column":55}},"17":{"start":{"line":30,"column":4},"end":{"line":30,"column":41}},"18":{"start":{"line":32,"column":2},"end":{"line":32,"column":14}}},"fnMap":{"0":{"name":"(anonymous_0)","decl":{"start":{"line":1,"column":37},"end":{"line":1,"column":38}},"loc":{"start":{"line":1,"column":53},"end":{"line":11,"column":1}},"line":1},"1":{"name":"(anonymous_1)","decl":{"start":{"line":3,"column":21},"end":{"line":3,"column":22}},"loc":{"start":{"line":3,"column":35},"end":{"line":9,"column":3}},"line":3},"2":{"name":"(anonymous_2)","decl":{"start":{"line":5,"column":36},"end":{"line":5,"column":37}},"loc":{"start":{"line":5,"column":55},"end":{"line":7,"column":7}},"line":5},"3":{"name":"getInterviewersForDay","decl":{"start":{"line":13,"column":16},"end":{"line":13,"column":37}},"loc":{"start":{"line":13,"column":50},"end":{"line":23,"column":1}},"line":13},"4":{"name":"(anonymous_4)","decl":{"start":{"line":15,"column":21},"end":{"line":15,"column":22}},"loc":{"start":{"line":15,"column":35},"end":{"line":21,"column":3}},"line":15},"5":{"name":"(anonymous_5)","decl":{"start":{"line":17,"column":36},"end":{"line":17,"column":37}},"loc":{"start":{"line":17,"column":55},"end":{"line":19,"column":7}},"line":17},"6":{"name":"(anonymous_6)","decl":{"start":{"line":25,"column":28},"end":{"line":25,"column":29}},"loc":{"start":{"line":25,"column":50},"end":{"line":33,"column":1}},"line":25}},"branchMap":{"0":{"loc":{"start":{"line":4,"column":4},"end":{"line":8,"column":5}},"type":"if","locations":[{"start":{"line":4,"column":4},"end":{"line":8,"column":5}},{"start":{"line":4,"column":4},"end":{"line":8,"column":5}}],"line":4},"1":{"loc":{"start":{"line":16,"column":4},"end":{"line":20,"column":5}},"type":"if","locations":[{"start":{"line":16,"column":4},"end":{"line":20,"column":5}},{"start":{"line":16,"column":4},"end":{"line":20,"column":5}}],"line":16},"2":{"loc":{"start":{"line":26,"column":2},"end":{"line":31,"column":3}},"type":"if","locations":[{"start":{"line":26,"column":2},"end":{"line":31,"column":3}},{"start":{"line":26,"column":2},"end":{"line":31,"column":3}}],"line":26}},"s":{"0":2,"1":6,"2":6,"3":8,"4":3,"5":8,"6":6,"7":6,"8":6,"9":8,"10":3,"11":8,"12":6,"13":2,"14":2,"15":1,"16":1,"17":1,"18":1},"f":{"0":6,"1":8,"2":8,"3":6,"4":8,"5":8,"6":2},"b":{"0":[3,5],"1":[3,5],"2":[1,1]},"_coverageSchema":"43e27e138ebf9cfc5966b082cf9a028302ed4184","hash":"a1b3fd9c870b54f9e6083763bcd4e0c84a2d6d88"}
,"/Users/yusuf/scheduler/src/hooks/useApplicationData.js": {"path":"/Users/yusuf/scheduler/src/hooks/useApplicationData.js","statementMap":{"0":{"start":{"line":4,"column":27},"end":{"line":109,"column":1}},"1":{"start":{"line":5,"column":28},"end":{"line":10,"column":4}},"2":{"start":{"line":12,"column":17},"end":{"line":12,"column":53}},"3":{"start":{"line":12,"column":26},"end":{"line":12,"column":53}},"4":{"start":{"line":14,"column":18},"end":{"line":22,"column":3}},"5":{"start":{"line":15,"column":4},"end":{"line":21,"column":5}},"6":{"start":{"line":16,"column":6},"end":{"line":20,"column":7}},"7":{"start":{"line":17,"column":8},"end":{"line":19,"column":9}},"8":{"start":{"line":18,"column":10},"end":{"line":18,"column":21}},"9":{"start":{"line":24,"column":22},"end":{"line":40,"column":3}},"10":{"start":{"line":25,"column":21},"end":{"line":25,"column":32}},"11":{"start":{"line":26,"column":16},"end":{"line":26,"column":17}},"12":{"start":{"line":27,"column":4},"end":{"line":31,"column":5}},"13":{"start":{"line":28,"column":6},"end":{"line":30,"column":7}},"14":{"start":{"line":29,"column":8},"end":{"line":29,"column":19}},"15":{"start":{"line":33,"column":20},"end":{"line":38,"column":6}},"16":{"start":{"line":34,"column":6},"end":{"line":36,"column":7}},"17":{"start":{"line":35,"column":8},"end":{"line":35,"column":33}},"18":{"start":{"line":37,"column":6},"end":{"line":37,"column":17}},"19":{"start":{"line":39,"column":4},"end":{"line":39,"column":19}},"20":{"start":{"line":42,"column":24},"end":{"line":64,"column":3}},"21":{"start":{"line":43,"column":24},"end":{"line":46,"column":5}},"22":{"start":{"line":47,"column":25},"end":{"line":50,"column":5}},"23":{"start":{"line":51,"column":17},"end":{"line":51,"column":46}},"24":{"start":{"line":52,"column":4},"end":{"line":63,"column":8}},"25":{"start":{"line":55,"column":8},"end":{"line":55,"column":19}},"26":{"start":{"line":66,"column":26},"end":{"line":85,"column":3}},"27":{"start":{"line":67,"column":24},"end":{"line":70,"column":5}},"28":{"start":{"line":72,"column":25},"end":{"line":75,"column":5}},"29":{"start":{"line":76,"column":17},"end":{"line":76,"column":46}},"30":{"start":{"line":78,"column":4},"end":{"line":84,"column":6}},"31":{"start":{"line":87,"column":2},"end":{"line":106,"column":9}},"32":{"start":{"line":88,"column":20},"end":{"line":88,"column":31}},"33":{"start":{"line":89,"column":28},"end":{"line":89,"column":47}},"34":{"start":{"line":90,"column":28},"end":{"line":90,"column":47}},"35":{"start":{"line":92,"column":4},"end":{"line":105,"column":55}},"36":{"start":{"line":98,"column":8},"end":{"line":103,"column":12}},"37":{"start":{"line":98,"column":28},"end":{"line":103,"column":9}},"38":{"start":{"line":105,"column":24},"end":{"line":105,"column":53}},"39":{"start":{"line":108,"column":2},"end":{"line":108,"column":59}}},"fnMap":{"0":{"name":"(anonymous_0)","decl":{"start":{"line":4,"column":27},"end":{"line":4,"column":28}},"loc":{"start":{"line":4,"column":40},"end":{"line":109,"column":1}},"line":4},"1":{"name":"(anonymous_1)","decl":{"start":{"line":12,"column":17},"end":{"line":12,"column":18}},"loc":{"start":{"line":12,"column":26},"end":{"line":12,"column":53}},"line":12},"2":{"name":"(anonymous_2)","decl":{"start":{"line":14,"column":18},"end":{"line":14,"column":19}},"loc":{"start":{"line":14,"column":26},"end":{"line":22,"column":3}},"line":14},"3":{"name":"(anonymous_3)","decl":{"start":{"line":24,"column":22},"end":{"line":24,"column":23}},"loc":{"start":{"line":24,"column":44},"end":{"line":40,"column":3}},"line":24},"4":{"name":"(anonymous_4)","decl":{"start":{"line":33,"column":35},"end":{"line":33,"column":36}},"loc":{"start":{"line":33,"column":44},"end":{"line":38,"column":5}},"line":33},"5":{"name":"(anonymous_5)","decl":{"start":{"line":42,"column":24},"end":{"line":42,"column":25}},"loc":{"start":{"line":42,"column":43},"end":{"line":64,"column":3}},"line":42},"6":{"name":"(anonymous_6)","decl":{"start":{"line":54,"column":12},"end":{"line":54,"column":13}},"loc":{"start":{"line":54,"column":21},"end":{"line":56,"column":7}},"line":54},"7":{"name":"(anonymous_7)","decl":{"start":{"line":66,"column":26},"end":{"line":66,"column":27}},"loc":{"start":{"line":66,"column":34},"end":{"line":85,"column":3}},"line":66},"8":{"name":"(anonymous_8)","decl":{"start":{"line":87,"column":12},"end":{"line":87,"column":13}},"loc":{"start":{"line":87,"column":18},"end":{"line":106,"column":3}},"line":87},"9":{"name":"(anonymous_9)","decl":{"start":{"line":97,"column":12},"end":{"line":97,"column":13}},"loc":{"start":{"line":97,"column":21},"end":{"line":104,"column":7}},"line":97},"10":{"name":"(anonymous_10)","decl":{"start":{"line":98,"column":17},"end":{"line":98,"column":18}},"loc":{"start":{"line":98,"column":28},"end":{"line":103,"column":9}},"line":98},"11":{"name":"(anonymous_11)","decl":{"start":{"line":105,"column":13},"end":{"line":105,"column":14}},"loc":{"start":{"line":105,"column":24},"end":{"line":105,"column":53}},"line":105}},"branchMap":{"0":{"loc":{"start":{"line":17,"column":8},"end":{"line":19,"column":9}},"type":"if","locations":[{"start":{"line":17,"column":8},"end":{"line":19,"column":9}},{"start":{"line":17,"column":8},"end":{"line":19,"column":9}}],"line":17},"1":{"loc":{"start":{"line":28,"column":6},"end":{"line":30,"column":7}},"type":"if","locations":[{"start":{"line":28,"column":6},"end":{"line":30,"column":7}},{"start":{"line":28,"column":6},"end":{"line":30,"column":7}}],"line":28},"2":{"loc":{"start":{"line":34,"column":6},"end":{"line":36,"column":7}},"type":"if","locations":[{"start":{"line":34,"column":6},"end":{"line":36,"column":7}},{"start":{"line":34,"column":6},"end":{"line":36,"column":7}}],"line":34}},"s":{"0":1,"1":1,"2":1,"3":0,"4":1,"5":0,"6":0,"7":0,"8":0,"9":1,"10":0,"11":0,"12":0,"13":0,"14":0,"15":0,"16":0,"17":0,"18":0,"19":0,"20":1,"21":0,"22":0,"23":0,"24":0,"25":0,"26":1,"27":0,"28":0,"29":0,"30":0,"31":1,"32":1,"33":1,"34":1,"35":1,"36":0,"37":0,"38":0,"39":1},"f":{"0":1,"1":0,"2":0,"3":0,"4":0,"5":0,"6":0,"7":0,"8":1,"9":0,"10":0,"11":0},"b":{"0":[0,0],"1":[0,0],"2":[0,0]},"_coverageSchema":"43e27e138ebf9cfc5966b082cf9a028302ed4184","hash":"5c80248b2cc64ccb5366032810e1cba6d1388cf9"}
,"/Users/yusuf/scheduler/src/hooks/useVisualMode.js": {"path":"/Users/yusuf/scheduler/src/hooks/useVisualMode.js","statementMap":{"0":{"start":{"line":2,"column":22},"end":{"line":22,"column":1}},"1":{"start":{"line":3,"column":26},"end":{"line":3,"column":43}},"2":{"start":{"line":4,"column":32},"end":{"line":4,"column":51}},"3":{"start":{"line":6,"column":21},"end":{"line":12,"column":3}},"4":{"start":{"line":7,"column":4},"end":{"line":7,"column":21}},"5":{"start":{"line":8,"column":4},"end":{"line":10,"column":5}},"6":{"start":{"line":9,"column":6},"end":{"line":9,"column":35}},"7":{"start":{"line":9,"column":25},"end":{"line":9,"column":34}},"8":{"start":{"line":11,"column":4},"end":{"line":11,"column":43}},"9":{"start":{"line":11,"column":23},"end":{"line":11,"column":41}},"10":{"start":{"line":14,"column":15},"end":{"line":19,"column":3}},"11":{"start":{"line":15,"column":4},"end":{"line":18,"column":5}},"12":{"start":{"line":16,"column":4},"end":{"line":16,"column":18}},"13":{"start":{"line":17,"column":4},"end":{"line":17,"column":41}},"14":{"start":{"line":21,"column":2},"end":{"line":21,"column":36}}},"fnMap":{"0":{"name":"(anonymous_0)","decl":{"start":{"line":2,"column":22},"end":{"line":2,"column":23}},"loc":{"start":{"line":2,"column":41},"end":{"line":22,"column":1}},"line":2},"1":{"name":"(anonymous_1)","decl":{"start":{"line":6,"column":21},"end":{"line":6,"column":22}},"loc":{"start":{"line":6,"column":51},"end":{"line":12,"column":3}},"line":6},"2":{"name":"(anonymous_2)","decl":{"start":{"line":9,"column":17},"end":{"line":9,"column":18}},"loc":{"start":{"line":9,"column":25},"end":{"line":9,"column":34}},"line":9},"3":{"name":"(anonymous_3)","decl":{"start":{"line":11,"column":15},"end":{"line":11,"column":16}},"loc":{"start":{"line":11,"column":23},"end":{"line":11,"column":41}},"line":11},"4":{"name":"(anonymous_4)","decl":{"start":{"line":14,"column":15},"end":{"line":14,"column":16}},"loc":{"start":{"line":14,"column":21},"end":{"line":19,"column":3}},"line":14}},"branchMap":{"0":{"loc":{"start":{"line":6,"column":31},"end":{"line":6,"column":46}},"type":"default-arg","locations":[{"start":{"line":6,"column":41},"end":{"line":6,"column":46}}],"line":6},"1":{"loc":{"start":{"line":8,"column":4},"end":{"line":10,"column":5}},"type":"if","locations":[{"start":{"line":8,"column":4},"end":{"line":10,"column":5}},{"start":{"line":8,"column":4},"end":{"line":10,"column":5}}],"line":8},"2":{"loc":{"start":{"line":15,"column":4},"end":{"line":18,"column":5}},"type":"if","locations":[{"start":{"line":15,"column":4},"end":{"line":18,"column":5}},{"start":{"line":15,"column":4},"end":{"line":18,"column":5}}],"line":15}},"s":{"0":3,"1":15,"2":15,"3":15,"4":5,"5":5,"6":1,"7":1,"8":5,"9":5,"10":15,"11":4,"12":3,"13":3,"14":15},"f":{"0":15,"1":5,"2":1,"3":5,"4":4},"b":{"0":[4],"1":[1,4],"2":[3,1]},"_coverageSchema":"43e27e138ebf9cfc5966b082cf9a028302ed4184","hash":"71cd3fa2d22ec8e616a7bb4a4a81f85634c0c03f"}
}
