TN:
SF:/Users/yusuf/scheduler/src/index.js
FNF:0
FNH:0
DA:8,0
LF:1
LH:0
BRF:0
BRH:0
end_of_record
TN:
SF:/Users/yusuf/scheduler/src/components/Application.js
FN:15,Application
FN:20,(anonymous_1)
FNF:2
FNH:1
FNDA:1,Application
FNDA:0,(anonymous_1)
DA:17,1
DA:18,1
DA:19,1
DA:20,1
DA:21,0
DA:23,0
DA:36,1
LF:7
LH:5
BRF:0
BRH:0
end_of_record
TN:
SF:/Users/yusuf/scheduler/src/components/Button.js
FN:5,Button
FNF:1
FNH:1
FNDA:29,Button
DA:6,29
DA:12,29
LF:2
LH:2
BRF:0
BRH:0
end_of_record
TN:
SF:/Users/yusuf/scheduler/src/components/DayList.js
FN:5,DayList
FN:6,(anonymous_1)
FNF:2
FNH:1
FNDA:1,DayList
FNDA:0,(anonymous_1)
DA:6,1
DA:7,0
DA:15,1
LF:3
LH:2
BRF:0
BRH:0
end_of_record
TN:
SF:/Users/yusuf/scheduler/src/components/DayListItem.js
FN:5,DayListItem
FN:11,(anonymous_1)
FN:23,(anonymous_2)
FNF:3
FNH:2
FNDA:4,DayListItem
FNDA:4,(anonymous_1)
FNDA:0,(anonymous_2)
DA:6,4
DA:11,4
DA:12,4
DA:13,4
DA:14,1
DA:15,3
DA:16,1
DA:18,2
DA:20,4
DA:22,4
DA:23,0
LF:11
LH:10
BRDA:13,0,0,1
BRDA:13,0,1,3
BRDA:15,1,0,1
BRDA:15,1,1,2
BRF:4
BRH:4
end_of_record
TN:
SF:/Users/yusuf/scheduler/src/components/InterviewerList.js
FN:7,(anonymous_0)
FN:8,(anonymous_1)
FN:14,(anonymous_2)
FNF:3
FNH:2
FNDA:11,(anonymous_0)
FNDA:11,(anonymous_1)
FNDA:0,(anonymous_2)
DA:7,3
DA:8,11
DA:9,11
DA:15,0
DA:22,11
DA:30,3
LF:6
LH:5
BRF:0
BRH:0
end_of_record
TN:
SF:/Users/yusuf/scheduler/src/components/InterviewerListItem.js
FN:6,InterviewerListItem
FNF:1
FNH:1
FNDA:11,InterviewerListItem
DA:7,11
DA:8,11
DA:14,11
LF:3
LH:3
BRDA:21,0,0,11
BRDA:21,0,1,0
BRF:2
BRH:1
end_of_record
TN:
SF:/Users/yusuf/scheduler/src/components/Appointment/Confirm.js
FN:3,Confirm
FNF:1
FNH:0
FNDA:0,Confirm
DA:4,0
DA:5,0
LF:2
LH:0
BRF:0
BRH:0
end_of_record
TN:
SF:/Users/yusuf/scheduler/src/components/Appointment/Empty.js
FN:3,Empty
FNF:1
FNH:1
FNDA:2,Empty
DA:5,2
LF:1
LH:1
BRF:0
BRH:0
end_of_record
TN:
SF:/Users/yusuf/scheduler/src/components/Appointment/Error.js
FN:3,Error
FNF:1
FNH:0
FNDA:0,Error
DA:4,0
LF:1
LH:0
BRF:0
BRH:0
end_of_record
TN:
SF:/Users/yusuf/scheduler/src/components/Appointment/Form.js
FN:5,Form
FN:10,reset
FN:14,cancel
FN:19,validate
FN:32,(anonymous_4)
FN:39,(anonymous_5)
FNF:6
FNH:5
FNDA:11,Form
FNDA:1,reset
FNDA:1,cancel
FNDA:4,validate
FNDA:0,(anonymous_4)
FNDA:2,(anonymous_5)
DA:6,11
DA:7,11
DA:8,11
DA:11,1
DA:12,1
DA:15,1
DA:16,1
DA:20,4
DA:21,2
DA:22,2
DA:25,2
DA:26,2
DA:29,11
DA:32,0
DA:39,2
LF:15
LH:14
BRDA:6,0,0,11
BRDA:6,0,1,7
BRDA:7,1,0,11
BRDA:7,1,1,11
BRDA:20,2,0,2
BRDA:20,2,1,2
BRF:6
BRH:6
end_of_record
TN:
SF:/Users/yusuf/scheduler/src/components/Appointment/Header.js
FN:2,Header
FNF:1
FNH:1
FNDA:2,Header
DA:3,2
LF:1
LH:1
BRF:0
BRH:0
end_of_record
TN:
SF:/Users/yusuf/scheduler/src/components/Appointment/Show.js
FN:2,Show
FN:22,(anonymous_1)
FN:29,(anonymous_2)
FNF:3
FNH:0
FNDA:0,Show
FNDA:0,(anonymous_1)
FNDA:0,(anonymous_2)
DA:3,0
DA:4,0
DA:7,0
DA:22,0
DA:29,0
LF:5
LH:0
BRF:0
BRH:0
end_of_record
TN:
SF:/Users/yusuf/scheduler/src/components/Appointment/Status.js
FN:3,Status
FNF:1
FNH:0
FNDA:0,Status
DA:5,0
LF:1
LH:0
BRF:0
BRH:0
end_of_record
TN:
SF:/Users/yusuf/scheduler/src/components/Appointment/index.js
FN:12,Appointment
FN:27,(anonymous_1)
FN:30,(anonymous_2)
FN:34,(anonymous_3)
FN:41,(anonymous_4)
FN:42,(anonymous_5)
FN:48,(anonymous_6)
FN:52,(anonymous_7)
FN:53,(anonymous_8)
FN:67,(anonymous_9)
FN:68,(anonymous_10)
FNF:11
FNH:1
FNDA:2,Appointment
FNDA:0,(anonymous_1)
FNDA:0,(anonymous_2)
FNDA:0,(anonymous_3)
FNDA:0,(anonymous_4)
FNDA:0,(anonymous_5)
FNDA:0,(anonymous_6)
FNDA:0,(anonymous_7)
FNDA:0,(anonymous_8)
FNDA:0,(anonymous_9)
FNDA:0,(anonymous_10)
DA:13,2
DA:14,2
DA:15,2
DA:16,2
DA:17,2
DA:18,2
DA:19,2
DA:20,2
DA:21,2
DA:23,2
DA:27,2
DA:28,0
DA:30,2
DA:31,0
DA:34,2
DA:35,0
DA:39,0
DA:40,0
DA:41,0
DA:43,0
DA:44,0
DA:48,2
DA:49,0
DA:51,0
DA:52,0
DA:54,0
DA:55,0
DA:59,2
DA:67,0
DA:68,0
LF:30
LH:15
BRDA:24,0,0,0
BRDA:24,0,1,2
BRDA:62,1,0,2
BRDA:62,1,1,2
BRDA:63,2,0,2
BRDA:63,2,1,0
BRDA:71,3,0,2
BRDA:71,3,1,0
BRDA:79,4,0,2
BRDA:79,4,1,0
BRDA:81,5,0,2
BRDA:81,5,1,0
BRDA:89,6,0,2
BRDA:89,6,1,0
BRDA:90,7,0,2
BRDA:90,7,1,0
BRDA:99,8,0,2
BRDA:99,8,1,0
BRDA:103,9,0,2
BRDA:103,9,1,0
BRF:20
BRH:11
end_of_record
TN:
SF:/Users/yusuf/scheduler/src/helpers/selectors.js
FN:1,(anonymous_0)
FN:3,(anonymous_1)
FN:5,(anonymous_2)
FN:13,getInterviewersForDay
FN:15,(anonymous_4)
FN:17,(anonymous_5)
FN:25,(anonymous_6)
FNF:7
FNH:7
FNDA:6,(anonymous_0)
FNDA:8,(anonymous_1)
FNDA:8,(anonymous_2)
FNDA:6,getInterviewersForDay
FNDA:8,(anonymous_4)
FNDA:8,(anonymous_5)
FNDA:2,(anonymous_6)
DA:1,2
DA:2,6
DA:3,6
DA:4,8
DA:5,3
DA:6,8
DA:10,6
DA:14,6
DA:15,6
DA:16,8
DA:17,3
DA:18,8
DA:22,6
DA:25,2
DA:26,2
DA:27,1
DA:28,1
DA:30,1
DA:32,1
LF:19
LH:19
BRDA:4,0,0,3
BRDA:4,0,1,5
BRDA:16,1,0,3
BRDA:16,1,1,5
BRDA:26,2,0,1
BRDA:26,2,1,1
BRF:6
BRH:6
end_of_record
TN:
SF:/Users/yusuf/scheduler/src/hooks/useApplicationData.js
FN:4,(anonymous_0)
FN:12,(anonymous_1)
FN:14,(anonymous_2)
FN:24,(anonymous_3)
FN:33,(anonymous_4)
FN:42,(anonymous_5)
FN:54,(anonymous_6)
FN:66,(anonymous_7)
FN:87,(anonymous_8)
FN:97,(anonymous_9)
FN:98,(anonymous_10)
FN:105,(anonymous_11)
FNF:12
FNH:2
FNDA:1,(anonymous_0)
FNDA:0,(anonymous_1)
FNDA:0,(anonymous_2)
FNDA:0,(anonymous_3)
FNDA:0,(anonymous_4)
FNDA:0,(anonymous_5)
FNDA:0,(anonymous_6)
FNDA:0,(anonymous_7)
FNDA:1,(anonymous_8)
FNDA:0,(anonymous_9)
FNDA:0,(anonymous_10)
FNDA:0,(anonymous_11)
DA:4,1
DA:5,1
DA:12,1
DA:14,1
DA:15,0
DA:16,0
DA:17,0
DA:18,0
DA:24,1
DA:25,0
DA:26,0
DA:27,0
DA:28,0
DA:29,0
DA:33,0
DA:34,0
DA:35,0
DA:37,0
DA:39,0
DA:42,1
DA:43,0
DA:47,0
DA:51,0
DA:52,0
DA:55,0
DA:66,1
DA:67,0
DA:72,0
DA:76,0
DA:78,0
DA:87,1
DA:88,1
DA:89,1
DA:90,1
DA:92,1
DA:98,0
DA:105,0
DA:108,1
LF:38
LH:13
BRDA:17,0,0,0
BRDA:17,0,1,0
BRDA:28,1,0,0
BRDA:28,1,1,0
BRDA:34,2,0,0
BRDA:34,2,1,0
BRF:6
BRH:0
end_of_record
TN:
SF:/Users/yusuf/scheduler/src/hooks/useVisualMode.js
FN:2,(anonymous_0)
FN:6,(anonymous_1)
FN:9,(anonymous_2)
FN:11,(anonymous_3)
FN:14,(anonymous_4)
FNF:5
FNH:5
FNDA:15,(anonymous_0)
FNDA:5,(anonymous_1)
FNDA:1,(anonymous_2)
FNDA:5,(anonymous_3)
FNDA:4,(anonymous_4)
DA:2,3
DA:3,15
DA:4,15
DA:6,15
DA:7,5
DA:8,5
DA:9,1
DA:11,5
DA:14,15
DA:15,4
DA:16,3
DA:17,3
DA:21,15
LF:13
LH:13
BRDA:6,0,0,4
BRDA:8,1,0,1
BRDA:8,1,1,4
BRDA:15,2,0,3
BRDA:15,2,1,1
BRF:5
BRH:5
end_of_record
